nohup: ignoring input
Starting a Gradle Daemon, 3 busy and 1 incompatible and 14 stopped Daemons could not be reused, use --status for details
> Task :compileJava
> Task :processResources UP-TO-DATE
> Task :classes
> Task :resolveMainClassName

> Task :bootRun

  .   ____          _            __ _ _
 /\\ / ___'_ __ _ _(_)_ __  __ _ \ \ \ \
( ( )\___ | '_ | '_| | '_ \/ _` | \ \ \ \
 \\/  ___)| |_)| | | | | || (_| |  ) ) ) )
  '  |____| .__|_| |_|_| |_\__, | / / / /
 =========|_|==============|___/=/_/_/_/

 :: Spring Boot ::                (v3.5.6)

2025-10-08T19:04:52.212-04:00  INFO 25581 --- [demo] [           main] com.example.demo.DemoApplication         : Starting DemoApplication using Java 17.0.16 with PID 25581 (/home/ubuntu/instant-payment-backend/build/classes/java/main started by ubuntu in /home/ubuntu/instant-payment-backend)
2025-10-08T19:04:52.216-04:00  INFO 25581 --- [demo] [           main] com.example.demo.DemoApplication         : No active profile set, falling back to 1 default profile: "default"
2025-10-08T19:04:52.767-04:00  INFO 25581 --- [demo] [           main] .s.d.r.c.RepositoryConfigurationDelegate : Bootstrapping Spring Data JPA repositories in DEFAULT mode.
2025-10-08T19:04:52.822-04:00  INFO 25581 --- [demo] [           main] .s.d.r.c.RepositoryConfigurationDelegate : Finished Spring Data repository scanning in 48 ms. Found 5 JPA repository interfaces.
2025-10-08T19:04:53.326-04:00  INFO 25581 --- [demo] [           main] o.s.b.w.embedded.tomcat.TomcatWebServer  : Tomcat initialized with port 8080 (http)
2025-10-08T19:04:53.338-04:00  INFO 25581 --- [demo] [           main] o.apache.catalina.core.StandardService   : Starting service [Tomcat]
2025-10-08T19:04:53.338-04:00  INFO 25581 --- [demo] [           main] o.apache.catalina.core.StandardEngine    : Starting Servlet engine: [Apache Tomcat/10.1.46]
2025-10-08T19:04:53.376-04:00  INFO 25581 --- [demo] [           main] o.a.c.c.C.[Tomcat].[localhost].[/]       : Initializing Spring embedded WebApplicationContext
2025-10-08T19:04:53.377-04:00  INFO 25581 --- [demo] [           main] w.s.c.ServletWebServerApplicationContext : Root WebApplicationContext: initialization completed in 1124 ms
2025-10-08T19:04:53.517-04:00  INFO 25581 --- [demo] [           main] o.hibernate.jpa.internal.util.LogHelper  : HHH000204: Processing PersistenceUnitInfo [name: default]
2025-10-08T19:04:53.553-04:00  INFO 25581 --- [demo] [           main] org.hibernate.Version                    : HHH000412: Hibernate ORM core version 6.6.29.Final
2025-10-08T19:04:53.578-04:00  INFO 25581 --- [demo] [           main] o.h.c.internal.RegionFactoryInitiator    : HHH000026: Second-level cache disabled
2025-10-08T19:04:53.810-04:00  INFO 25581 --- [demo] [           main] o.s.o.j.p.SpringPersistenceUnitInfo      : No LoadTimeWeaver setup: ignoring JPA class transformer
2025-10-08T19:04:53.835-04:00  INFO 25581 --- [demo] [           main] com.zaxxer.hikari.HikariDataSource       : HikariPool-1 - Starting...
2025-10-08T19:04:53.992-04:00  INFO 25581 --- [demo] [           main] com.zaxxer.hikari.pool.HikariPool        : HikariPool-1 - Added connection conn0: url=jdbc:h2:mem:instantpaymentdb user=SA
2025-10-08T19:04:53.994-04:00  INFO 25581 --- [demo] [           main] com.zaxxer.hikari.HikariDataSource       : HikariPool-1 - Start completed.
2025-10-08T19:04:54.015-04:00  WARN 25581 --- [demo] [           main] org.hibernate.orm.deprecation            : HHH90000025: H2Dialect does not need to be specified explicitly using 'hibernate.dialect' (remove the property setting and it will be selected by default)
2025-10-08T19:04:54.035-04:00  INFO 25581 --- [demo] [           main] org.hibernate.orm.connections.pooling    : HHH10001005: Database info:
	Database JDBC URL [Connecting through datasource 'HikariDataSource (HikariPool-1)']
	Database driver: undefined/unknown
	Database version: 2.3.232
	Autocommit mode: undefined/unknown
	Isolation level: undefined/unknown
	Minimum pool size: undefined/unknown
	Maximum pool size: undefined/unknown
2025-10-08T19:04:54.804-04:00  INFO 25581 --- [demo] [           main] o.h.e.t.j.p.i.JtaPlatformInitiator       : HHH000489: No JTA platform available (set 'hibernate.transaction.jta.platform' to enable JTA platform integration)
Hibernate: 
    create table admins (
        id bigint generated by default as identity,
        email varchar(255) not null,
        password varchar(255) not null,
        username varchar(255) not null,
        primary key (id)
    )
Hibernate: 
    create table enquiries (
        id bigint generated by default as identity,
        enquiry_date timestamp(6) not null,
        message TEXT not null,
        status varchar(255) not null,
        subject varchar(255) not null,
        user_id bigint not null,
        primary key (id)
    )
Hibernate: 
    create table organizations (
        id bigint generated by default as identity,
        address varchar(255) not null,
        contact_email varchar(255) not null,
        name varchar(255) not null,
        primary key (id)
    )
Hibernate: 
    create table transactions (
        id bigint generated by default as identity,
        amount numeric(38,2) not null,
        commission numeric(38,2) not null,
        total_amount numeric(38,2) not null,
        transaction_date timestamp(6) not null,
        type varchar(255) not null,
        vat numeric(38,2) not null,
        receiver_id bigint not null,
        sender_id bigint not null,
        primary key (id)
    )
Hibernate: 
    create table users (
        id bigint generated by default as identity,
        balance numeric(38,2),
        cell_number varchar(255),
        email varchar(255),
        first_name varchar(255),
        id_passport varchar(255),
        last_name varchar(255),
        password varchar(255),
        physical_address varchar(255),
        primary key (id)
    )
Hibernate: 
    alter table if exists admins 
       drop constraint if exists UKmi8vkhus4xbdbqcac2jm4spvd
Hibernate: 
    alter table if exists admins 
       add constraint UKmi8vkhus4xbdbqcac2jm4spvd unique (username)
Hibernate: 
    alter table if exists organizations 
       drop constraint if exists UKp9pbw3flq9hkay8hdx3ypsldy
Hibernate: 
    alter table if exists organizations 
       add constraint UKp9pbw3flq9hkay8hdx3ypsldy unique (name)
Hibernate: 
    alter table if exists enquiries 
       add constraint FKa44jwmva003yd8quj3wgbvgcs 
       foreign key (user_id) 
       references users
Hibernate: 
    alter table if exists transactions 
       add constraint FK5nn8ird7idyxyxki68gox2wbx 
       foreign key (receiver_id) 
       references users
Hibernate: 
    alter table if exists transactions 
       add constraint FK3ly4r8r6ubt0blftudix2httv 
       foreign key (sender_id) 
       references users
2025-10-08T19:04:54.873-04:00  INFO 25581 --- [demo] [           main] j.LocalContainerEntityManagerFactoryBean : Initialized JPA EntityManagerFactory for persistence unit 'default'
2025-10-08T19:04:55.275-04:00  INFO 25581 --- [demo] [           main] eAuthenticationProviderManagerConfigurer : Global AuthenticationManager configured with AuthenticationProvider bean with name authenticationProvider
2025-10-08T19:04:55.276-04:00  WARN 25581 --- [demo] [           main] r$InitializeUserDetailsManagerConfigurer : Global AuthenticationManager configured with an AuthenticationProvider bean. UserDetailsService beans will not be used by Spring Security for automatically configuring username/password login. Consider removing the AuthenticationProvider bean. Alternatively, consider using the UserDetailsService in a manually instantiated DaoAuthenticationProvider. If the current configuration is intentional, to turn off this warning, increase the logging level of 'org.springframework.security.config.annotation.authentication.configuration.InitializeUserDetailsBeanManagerConfigurer' to ERROR
2025-10-08T19:04:55.389-04:00  WARN 25581 --- [demo] [           main] JpaBaseConfiguration$JpaWebConfiguration : spring.jpa.open-in-view is enabled by default. Therefore, database queries may be performed during view rendering. Explicitly configure spring.jpa.open-in-view to disable this warning
2025-10-08T19:04:55.819-04:00  INFO 25581 --- [demo] [           main] o.s.b.a.h2.H2ConsoleAutoConfiguration    : H2 console available at '/h2-console'. Database available at 'jdbc:h2:mem:instantpaymentdb'
2025-10-08T19:04:55.939-04:00  INFO 25581 --- [demo] [           main] o.s.b.w.embedded.tomcat.TomcatWebServer  : Tomcat started on port 8080 (http) with context path '/'
2025-10-08T19:04:55.949-04:00  INFO 25581 --- [demo] [           main] com.example.demo.DemoApplication         : Started DemoApplication in 4.109 seconds (process running for 4.359)
2025-10-08T19:05:01.931-04:00  INFO 25581 --- [demo] [nio-8080-exec-1] o.a.c.c.C.[Tomcat].[localhost].[/]       : Initializing Spring DispatcherServlet 'dispatcherServlet'
2025-10-08T19:05:01.931-04:00  INFO 25581 --- [demo] [nio-8080-exec-1] o.s.web.servlet.DispatcherServlet        : Initializing Servlet 'dispatcherServlet'
2025-10-08T19:05:01.933-04:00  INFO 25581 --- [demo] [nio-8080-exec-1] o.s.web.servlet.DispatcherServlet        : Completed initialization in 1 ms
